<?xml version="1.0" encoding="UTF-8"?>
<coverage generated="1761341485680" clover="3.2.0">
  <project timestamp="1761341485680" name="All files">
    <metrics statements="137" coveredstatements="114" conditionals="65" coveredconditionals="51" methods="16" coveredmethods="15" elements="218" coveredelements="180" complexity="0" loc="137" ncloc="137" packages="1" files="1" classes="1"/>
    <file name="server.js" path="/home/bhoult/programming/AjaxCMS/server.js">
      <metrics statements="137" coveredstatements="114" conditionals="65" coveredconditionals="51" methods="16" coveredmethods="15"/>
      <line num="1" count="1" type="stmt"/>
      <line num="2" count="1" type="stmt"/>
      <line num="3" count="1" type="stmt"/>
      <line num="5" count="1" type="stmt"/>
      <line num="6" count="1" type="cond" truecount="2" falsecount="0"/>
      <line num="7" count="1" type="cond" truecount="2" falsecount="0"/>
      <line num="10" count="1" type="stmt"/>
      <line num="11" count="14" type="stmt"/>
      <line num="12" count="14" type="stmt"/>
      <line num="13" count="14" type="stmt"/>
      <line num="17" count="28" type="stmt"/>
      <line num="19" count="28" type="stmt"/>
      <line num="20" count="224" type="cond" truecount="1" falsecount="1"/>
      <line num="21" count="224" type="stmt"/>
      <line num="22" count="224" type="cond" truecount="2" falsecount="0"/>
      <line num="23" count="224" type="stmt"/>
      <line num="26" count="224" type="stmt"/>
      <line num="27" count="224" type="stmt"/>
      <line num="29" count="210" type="stmt"/>
      <line num="30" count="210" type="stmt"/>
      <line num="31" count="210" type="stmt"/>
      <line num="32" count="210" type="stmt"/>
      <line num="37" count="210" type="stmt"/>
      <line num="45" count="14" type="stmt"/>
      <line num="51" count="14" type="stmt"/>
      <line num="52" count="14" type="stmt"/>
      <line num="54" count="0" type="stmt"/>
      <line num="55" count="0" type="stmt"/>
      <line num="60" count="1" type="stmt"/>
      <line num="61" count="19" type="stmt"/>
      <line num="62" count="19" type="stmt"/>
      <line num="66" count="69" type="stmt"/>
      <line num="69" count="19" type="stmt"/>
      <line num="70" count="44" type="stmt"/>
      <line num="71" count="44" type="stmt"/>
      <line num="72" count="44" type="stmt"/>
      <line num="75" count="44" type="stmt"/>
      <line num="76" count="44" type="stmt"/>
      <line num="77" count="13" type="cond" truecount="1" falsecount="1"/>
      <line num="78" count="13" type="stmt"/>
      <line num="79" count="13" type="stmt"/>
      <line num="80" count="13" type="stmt"/>
      <line num="82" count="13" type="stmt"/>
      <line num="91" count="6" type="cond" truecount="3" falsecount="1"/>
      <line num="92" count="6" type="stmt"/>
      <line num="93" count="6" type="stmt"/>
      <line num="95" count="0" type="stmt"/>
      <line num="96" count="0" type="stmt"/>
      <line num="99" count="6" type="stmt"/>
      <line num="103" count="1" type="stmt"/>
      <line num="104" count="3" type="stmt"/>
      <line num="106" count="3" type="cond" truecount="2" falsecount="0"/>
      <line num="107" count="1" type="stmt"/>
      <line num="110" count="2" type="cond" truecount="1" falsecount="1"/>
      <line num="111" count="2" type="stmt"/>
      <line num="114" count="2" type="cond" truecount="2" falsecount="0"/>
      <line num="115" count="1" type="stmt"/>
      <line num="119" count="1" type="stmt"/>
      <line num="120" count="1" type="stmt"/>
      <line num="121" count="1" type="cond" truecount="1" falsecount="1"/>
      <line num="122" count="0" type="stmt"/>
      <line num="125" count="0" type="stmt"/>
      <line num="129" count="1" type="stmt"/>
      <line num="131" count="1" type="stmt"/>
      <line num="132" count="1" type="stmt"/>
      <line num="134" count="1" type="stmt"/>
      <line num="135" count="6" type="stmt"/>
      <line num="137" count="6" type="cond" truecount="2" falsecount="0"/>
      <line num="138" count="2" type="stmt"/>
      <line num="144" count="4" type="stmt"/>
      <line num="152" count="1" type="stmt"/>
      <line num="159" count="0" type="stmt"/>
      <line num="160" count="0" type="stmt"/>
      <line num="165" count="1" type="stmt"/>
      <line num="166" count="2" type="stmt"/>
      <line num="168" count="2" type="cond" truecount="1" falsecount="1"/>
      <line num="169" count="0" type="stmt"/>
      <line num="172" count="2" type="cond" truecount="1" falsecount="1"/>
      <line num="173" count="2" type="stmt"/>
      <line num="176" count="2" type="cond" truecount="2" falsecount="0"/>
      <line num="177" count="1" type="stmt"/>
      <line num="180" count="1" type="stmt"/>
      <line num="183" count="15" type="stmt"/>
      <line num="184" count="15" type="stmt"/>
      <line num="186" count="15" type="stmt"/>
      <line num="187" count="48" type="stmt"/>
      <line num="188" count="48" type="stmt"/>
      <line num="190" count="48" type="cond" truecount="2" falsecount="0"/>
      <line num="191" count="14" type="stmt"/>
      <line num="193" count="34" type="stmt"/>
      <line num="201" count="0" type="stmt"/>
      <line num="205" count="1" type="stmt"/>
      <line num="207" count="1" type="stmt"/>
      <line num="213" count="0" type="stmt"/>
      <line num="214" count="0" type="stmt"/>
      <line num="219" count="1" type="stmt"/>
      <line num="220" count="2" type="cond" truecount="1" falsecount="1"/>
      <line num="222" count="2" type="stmt"/>
      <line num="225" count="0" type="stmt"/>
      <line num="230" count="1" type="stmt"/>
      <line num="231" count="12" type="cond" truecount="5" falsecount="0"/>
      <line num="232" count="3" type="stmt"/>
      <line num="233" count="3" type="stmt"/>
      <line num="234" count="3" type="cond" truecount="1" falsecount="1"/>
      <line num="235" count="0" type="stmt"/>
      <line num="239" count="9" type="stmt"/>
      <line num="244" count="1" type="stmt"/>
      <line num="245" count="9" type="cond" truecount="2" falsecount="0"/>
      <line num="246" count="3" type="stmt"/>
      <line num="251" count="6" type="cond" truecount="3" falsecount="1"/>
      <line num="252" count="6" type="stmt"/>
      <line num="254" count="0" type="stmt"/>
      <line num="257" count="6" type="stmt"/>
      <line num="260" count="6" type="cond" truecount="2" falsecount="0"/>
      <line num="261" count="2" type="stmt"/>
      <line num="265" count="4" type="stmt"/>
      <line num="266" count="4" type="cond" truecount="2" falsecount="0"/>
      <line num="269" count="3" type="cond" truecount="5" falsecount="1"/>
      <line num="270" count="3" type="stmt"/>
      <line num="273" count="3" type="stmt"/>
      <line num="279" count="3" type="stmt"/>
      <line num="280" count="6" type="stmt"/>
      <line num="282" count="3" type="cond" truecount="1" falsecount="1"/>
      <line num="283" count="3" type="stmt"/>
      <line num="284" count="3" type="cond" truecount="1" falsecount="1"/>
      <line num="285" count="0" type="stmt"/>
      <line num="289" count="0" type="stmt"/>
      <line num="292" count="0" type="stmt"/>
      <line num="299" count="1" type="stmt"/>
      <line num="300" count="3" type="stmt"/>
      <line num="304" count="1" type="cond" truecount="1" falsecount="1"/>
      <line num="305" count="0" type="stmt"/>
      <line num="306" count="0" type="stmt"/>
      <line num="307" count="0" type="stmt"/>
      <line num="308" count="0" type="stmt"/>
      <line num="309" count="0" type="stmt"/>
      <line num="314" count="1" type="stmt"/>
    </file>
  </project>
</coverage>
