<?xml version="1.0" encoding="UTF-8"?>
<coverage generated="1761344322361" clover="3.2.0">
  <project timestamp="1761344322362" name="All files">
    <metrics statements="165" coveredstatements="127" conditionals="78" coveredconditionals="57" methods="19" coveredmethods="16" elements="262" coveredelements="200" complexity="0" loc="165" ncloc="165" packages="1" files="1" classes="1"/>
    <file name="server.js" path="/home/bhoult/programming/AjaxCMS/server.js">
      <metrics statements="165" coveredstatements="127" conditionals="78" coveredconditionals="57" methods="19" coveredmethods="16"/>
      <line num="1" count="3" type="stmt"/>
      <line num="2" count="3" type="stmt"/>
      <line num="3" count="3" type="stmt"/>
      <line num="4" count="3" type="stmt"/>
      <line num="6" count="3" type="stmt"/>
      <line num="7" count="3" type="cond" truecount="2" falsecount="0"/>
      <line num="8" count="3" type="stmt"/>
      <line num="9" count="3" type="cond" truecount="2" falsecount="0"/>
      <line num="14" count="3" type="cond" truecount="3" falsecount="1"/>
      <line num="18" count="23" type="stmt"/>
      <line num="19" count="23" type="cond" truecount="2" falsecount="0"/>
      <line num="20" count="3" type="cond" truecount="1" falsecount="1"/>
      <line num="21" count="3" type="stmt"/>
      <line num="25" count="20" type="stmt"/>
      <line num="28" count="20" type="stmt"/>
      <line num="29" count="20" type="cond" truecount="2" falsecount="0"/>
      <line num="31" count="1" type="stmt"/>
      <line num="32" count="1" type="stmt"/>
      <line num="36" count="19" type="stmt"/>
      <line num="37" count="19" type="stmt"/>
      <line num="40" count="19" type="stmt"/>
      <line num="41" count="19" type="cond" truecount="2" falsecount="2"/>
      <line num="42" count="0" type="stmt"/>
      <line num="49" count="3" type="stmt"/>
      <line num="50" count="17" type="stmt"/>
      <line num="51" count="17" type="stmt"/>
      <line num="52" count="17" type="stmt"/>
      <line num="56" count="34" type="stmt"/>
      <line num="58" count="34" type="stmt"/>
      <line num="59" count="272" type="cond" truecount="1" falsecount="1"/>
      <line num="60" count="272" type="stmt"/>
      <line num="61" count="272" type="cond" truecount="2" falsecount="0"/>
      <line num="62" count="272" type="stmt"/>
      <line num="65" count="272" type="stmt"/>
      <line num="66" count="272" type="stmt"/>
      <line num="68" count="255" type="stmt"/>
      <line num="69" count="255" type="stmt"/>
      <line num="70" count="255" type="stmt"/>
      <line num="71" count="255" type="stmt"/>
      <line num="76" count="255" type="stmt"/>
      <line num="84" count="17" type="stmt"/>
      <line num="90" count="17" type="stmt"/>
      <line num="91" count="17" type="stmt"/>
      <line num="93" count="0" type="stmt"/>
      <line num="94" count="0" type="stmt"/>
      <line num="99" count="3" type="stmt"/>
      <line num="100" count="33" type="stmt"/>
      <line num="101" count="33" type="stmt"/>
      <line num="105" count="103" type="stmt"/>
      <line num="108" count="33" type="stmt"/>
      <line num="109" count="53" type="stmt"/>
      <line num="110" count="53" type="stmt"/>
      <line num="111" count="53" type="stmt"/>
      <line num="114" count="53" type="stmt"/>
      <line num="115" count="53" type="stmt"/>
      <line num="116" count="15" type="cond" truecount="1" falsecount="1"/>
      <line num="117" count="15" type="stmt"/>
      <line num="118" count="15" type="stmt"/>
      <line num="119" count="15" type="stmt"/>
      <line num="121" count="15" type="stmt"/>
      <line num="130" count="18" type="cond" truecount="3" falsecount="1"/>
      <line num="131" count="18" type="stmt"/>
      <line num="132" count="18" type="stmt"/>
      <line num="134" count="0" type="stmt"/>
      <line num="135" count="0" type="stmt"/>
      <line num="138" count="18" type="stmt"/>
      <line num="142" count="3" type="stmt"/>
      <line num="143" count="3" type="stmt"/>
      <line num="145" count="3" type="cond" truecount="2" falsecount="0"/>
      <line num="146" count="1" type="stmt"/>
      <line num="149" count="2" type="cond" truecount="1" falsecount="1"/>
      <line num="150" count="2" type="stmt"/>
      <line num="153" count="2" type="cond" truecount="2" falsecount="0"/>
      <line num="154" count="1" type="stmt"/>
      <line num="158" count="1" type="stmt"/>
      <line num="159" count="1" type="stmt"/>
      <line num="160" count="1" type="cond" truecount="1" falsecount="1"/>
      <line num="161" count="0" type="stmt"/>
      <line num="164" count="0" type="stmt"/>
      <line num="168" count="1" type="stmt"/>
      <line num="170" count="1" type="stmt"/>
      <line num="171" count="1" type="stmt"/>
      <line num="173" count="1" type="stmt"/>
      <line num="174" count="6" type="stmt"/>
      <line num="176" count="6" type="cond" truecount="2" falsecount="0"/>
      <line num="177" count="2" type="stmt"/>
      <line num="183" count="4" type="stmt"/>
      <line num="191" count="1" type="stmt"/>
      <line num="198" count="0" type="stmt"/>
      <line num="199" count="0" type="stmt"/>
      <line num="204" count="3" type="stmt"/>
      <line num="205" count="2" type="stmt"/>
      <line num="207" count="2" type="cond" truecount="1" falsecount="1"/>
      <line num="208" count="0" type="stmt"/>
      <line num="211" count="2" type="cond" truecount="1" falsecount="1"/>
      <line num="212" count="2" type="stmt"/>
      <line num="215" count="2" type="cond" truecount="2" falsecount="0"/>
      <line num="216" count="1" type="stmt"/>
      <line num="219" count="1" type="stmt"/>
      <line num="222" count="15" type="stmt"/>
      <line num="223" count="15" type="stmt"/>
      <line num="225" count="15" type="stmt"/>
      <line num="226" count="48" type="stmt"/>
      <line num="227" count="48" type="stmt"/>
      <line num="229" count="48" type="cond" truecount="2" falsecount="0"/>
      <line num="230" count="14" type="stmt"/>
      <line num="232" count="34" type="stmt"/>
      <line num="240" count="0" type="stmt"/>
      <line num="244" count="1" type="stmt"/>
      <line num="246" count="1" type="stmt"/>
      <line num="252" count="0" type="stmt"/>
      <line num="253" count="0" type="stmt"/>
      <line num="258" count="3" type="stmt"/>
      <line num="259" count="11" type="cond" truecount="1" falsecount="1"/>
      <line num="261" count="11" type="stmt"/>
      <line num="264" count="0" type="stmt"/>
      <line num="269" count="3" type="stmt"/>
      <line num="270" count="17" type="cond" truecount="5" falsecount="0"/>
      <line num="271" count="5" type="stmt"/>
      <line num="272" count="5" type="stmt"/>
      <line num="273" count="0" type="stmt"/>
      <line num="276" count="12" type="stmt"/>
      <line num="281" count="3" type="stmt"/>
      <line num="282" count="12" type="cond" truecount="2" falsecount="0"/>
      <line num="283" count="6" type="stmt"/>
      <line num="288" count="6" type="cond" truecount="3" falsecount="1"/>
      <line num="289" count="6" type="stmt"/>
      <line num="291" count="0" type="stmt"/>
      <line num="294" count="6" type="stmt"/>
      <line num="297" count="6" type="cond" truecount="2" falsecount="0"/>
      <line num="298" count="2" type="stmt"/>
      <line num="302" count="4" type="stmt"/>
      <line num="305" count="3" type="cond" truecount="4" falsecount="1"/>
      <line num="306" count="3" type="stmt"/>
      <line num="309" count="3" type="stmt"/>
      <line num="315" count="3" type="stmt"/>
      <line num="316" count="6" type="stmt"/>
      <line num="318" count="3" type="cond" truecount="1" falsecount="1"/>
      <line num="319" count="3" type="stmt"/>
      <line num="321" count="0" type="stmt"/>
      <line num="324" count="0" type="stmt"/>
      <line num="330" count="3" type="stmt"/>
      <line num="331" count="6" type="stmt"/>
      <line num="335" count="3" type="cond" truecount="1" falsecount="1"/>
      <line num="336" count="0" type="cond" truecount="0" falsecount="2"/>
      <line num="338" count="0" type="stmt"/>
      <line num="340" count="0" type="cond" truecount="0" falsecount="2"/>
      <line num="341" count="0" type="stmt"/>
      <line num="342" count="0" type="stmt"/>
      <line num="343" count="0" type="stmt"/>
      <line num="346" count="0" type="stmt"/>
      <line num="355" count="0" type="stmt"/>
      <line num="356" count="0" type="stmt"/>
      <line num="357" count="0" type="stmt"/>
      <line num="358" count="0" type="stmt"/>
      <line num="359" count="0" type="stmt"/>
      <line num="360" count="0" type="stmt"/>
      <line num="361" count="0" type="stmt"/>
      <line num="362" count="0" type="stmt"/>
      <line num="366" count="0" type="stmt"/>
      <line num="367" count="0" type="stmt"/>
      <line num="368" count="0" type="stmt"/>
      <line num="369" count="0" type="stmt"/>
      <line num="370" count="0" type="stmt"/>
      <line num="376" count="3" type="stmt"/>
    </file>
  </project>
</coverage>
