{"/home/bhoult/programming/AjaxCMS/server.js": {"path":"/home/bhoult/programming/AjaxCMS/server.js","statementMap":{"0":{"start":{"line":1,"column":16},"end":{"line":1,"column":34}},"1":{"start":{"line":2,"column":11},"end":{"line":2,"column":33}},"2":{"start":{"line":3,"column":15},"end":{"line":3,"column":28}},"3":{"start":{"line":4,"column":13},"end":{"line":4,"column":28}},"4":{"start":{"line":6,"column":12},"end":{"line":6,"column":21}},"5":{"start":{"line":7,"column":18},"end":{"line":7,"column":52}},"6":{"start":{"line":8,"column":19},"end":{"line":8,"column":52}},"7":{"start":{"line":9,"column":25},"end":{"line":9,"column":59}},"8":{"start":{"line":14,"column":18},"end":{"line":14,"column":62}},"9":{"start":{"line":18,"column":2},"end":{"line":45,"column":5}},"10":{"start":{"line":19,"column":4},"end":{"line":22,"column":5}},"11":{"start":{"line":20,"column":6},"end":{"line":20,"column":23}},"12":{"start":{"line":20,"column":16},"end":{"line":20,"column":23}},"13":{"start":{"line":21,"column":6},"end":{"line":21,"column":13}},"14":{"start":{"line":25,"column":17},"end":{"line":25,"column":37}},"15":{"start":{"line":28,"column":23},"end":{"line":28,"column":51}},"16":{"start":{"line":29,"column":4},"end":{"line":33,"column":5}},"17":{"start":{"line":31,"column":6},"end":{"line":31,"column":28}},"18":{"start":{"line":32,"column":6},"end":{"line":32,"column":13}},"19":{"start":{"line":36,"column":4},"end":{"line":36,"column":32}},"20":{"start":{"line":37,"column":4},"end":{"line":37,"column":73}},"21":{"start":{"line":40,"column":4},"end":{"line":44,"column":7}},"22":{"start":{"line":41,"column":6},"end":{"line":43,"column":7}},"23":{"start":{"line":42,"column":8},"end":{"line":42,"column":15}},"24":{"start":{"line":49,"column":0},"end":{"line":96,"column":3}},"25":{"start":{"line":50,"column":2},"end":{"line":95,"column":3}},"26":{"start":{"line":51,"column":22},"end":{"line":51,"column":53}},"27":{"start":{"line":52,"column":18},"end":{"line":52,"column":20}},"28":{"start":{"line":56,"column":20},"end":{"line":56,"column":66}},"29":{"start":{"line":58,"column":6},"end":{"line":87,"column":7}},"30":{"start":{"line":59,"column":8},"end":{"line":86,"column":9}},"31":{"start":{"line":60,"column":27},"end":{"line":60,"column":52}},"32":{"start":{"line":61,"column":26},"end":{"line":61,"column":87}},"33":{"start":{"line":62,"column":28},"end":{"line":62,"column":61}},"34":{"start":{"line":65,"column":10},"end":{"line":85,"column":11}},"35":{"start":{"line":66,"column":12},"end":{"line":66,"column":39}},"36":{"start":{"line":68,"column":36},"end":{"line":68,"column":73}},"37":{"start":{"line":69,"column":30},"end":{"line":69,"column":32}},"38":{"start":{"line":70,"column":12},"end":{"line":74,"column":13}},"39":{"start":{"line":71,"column":14},"end":{"line":71,"column":72}},"40":{"start":{"line":76,"column":12},"end":{"line":81,"column":15}},"41":{"start":{"line":84,"column":12},"end":{"line":84,"column":47}},"42":{"start":{"line":90,"column":4},"end":{"line":90,"column":31}},"43":{"start":{"line":91,"column":4},"end":{"line":91,"column":24}},"44":{"start":{"line":93,"column":4},"end":{"line":93,"column":47}},"45":{"start":{"line":94,"column":4},"end":{"line":94,"column":60}},"46":{"start":{"line":99,"column":0},"end":{"line":139,"column":3}},"47":{"start":{"line":100,"column":19},"end":{"line":100,"column":31}},"48":{"start":{"line":101,"column":20},"end":{"line":101,"column":51}},"49":{"start":{"line":105,"column":23},"end":{"line":105,"column":57}},"50":{"start":{"line":105,"column":55},"end":{"line":105,"column":56}},"51":{"start":{"line":108,"column":2},"end":{"line":126,"column":3}},"52":{"start":{"line":108,"column":15},"end":{"line":108,"column":34}},"53":{"start":{"line":109,"column":30},"end":{"line":109,"column":64}},"54":{"start":{"line":110,"column":25},"end":{"line":110,"column":64}},"55":{"start":{"line":111,"column":22},"end":{"line":111,"column":59}},"56":{"start":{"line":114,"column":4},"end":{"line":125,"column":5}},"57":{"start":{"line":115,"column":19},"end":{"line":115,"column":52}},"58":{"start":{"line":116,"column":6},"end":{"line":122,"column":7}},"59":{"start":{"line":117,"column":8},"end":{"line":117,"column":43}},"60":{"start":{"line":118,"column":8},"end":{"line":118,"column":36}},"61":{"start":{"line":119,"column":8},"end":{"line":119,"column":49}},"62":{"start":{"line":121,"column":8},"end":{"line":121,"column":22}},"63":{"start":{"line":130,"column":2},"end":{"line":136,"column":3}},"64":{"start":{"line":131,"column":4},"end":{"line":131,"column":24}},"65":{"start":{"line":132,"column":4},"end":{"line":132,"column":24}},"66":{"start":{"line":134,"column":4},"end":{"line":134,"column":28}},"67":{"start":{"line":135,"column":4},"end":{"line":135,"column":50}},"68":{"start":{"line":138,"column":2},"end":{"line":138,"column":9}},"69":{"start":{"line":142,"column":0},"end":{"line":201,"column":3}},"70":{"start":{"line":143,"column":2},"end":{"line":200,"column":3}},"71":{"start":{"line":145,"column":4},"end":{"line":147,"column":5}},"72":{"start":{"line":146,"column":6},"end":{"line":146,"column":66}},"73":{"start":{"line":149,"column":21},"end":{"line":149,"column":41}},"74":{"start":{"line":150,"column":21},"end":{"line":150,"column":54}},"75":{"start":{"line":153,"column":4},"end":{"line":155,"column":5}},"76":{"start":{"line":154,"column":6},"end":{"line":154,"column":62}},"77":{"start":{"line":158,"column":4},"end":{"line":165,"column":5}},"78":{"start":{"line":159,"column":20},"end":{"line":159,"column":43}},"79":{"start":{"line":160,"column":6},"end":{"line":162,"column":7}},"80":{"start":{"line":161,"column":8},"end":{"line":161,"column":66}},"81":{"start":{"line":164,"column":6},"end":{"line":164,"column":68}},"82":{"start":{"line":168,"column":18},"end":{"line":168,"column":69}},"83":{"start":{"line":170,"column":18},"end":{"line":170,"column":20}},"84":{"start":{"line":171,"column":24},"end":{"line":171,"column":26}},"85":{"start":{"line":173,"column":4},"end":{"line":189,"column":5}},"86":{"start":{"line":174,"column":23},"end":{"line":174,"column":53}},"87":{"start":{"line":176,"column":6},"end":{"line":188,"column":7}},"88":{"start":{"line":177,"column":8},"end":{"line":181,"column":11}},"89":{"start":{"line":183,"column":8},"end":{"line":187,"column":11}},"90":{"start":{"line":191,"column":4},"end":{"line":195,"column":7}},"91":{"start":{"line":198,"column":4},"end":{"line":198,"column":51}},"92":{"start":{"line":199,"column":4},"end":{"line":199,"column":61}},"93":{"start":{"line":204,"column":0},"end":{"line":255,"column":3}},"94":{"start":{"line":205,"column":2},"end":{"line":254,"column":3}},"95":{"start":{"line":207,"column":4},"end":{"line":209,"column":5}},"96":{"start":{"line":208,"column":6},"end":{"line":208,"column":66}},"97":{"start":{"line":211,"column":21},"end":{"line":211,"column":41}},"98":{"start":{"line":212,"column":21},"end":{"line":212,"column":54}},"99":{"start":{"line":215,"column":4},"end":{"line":217,"column":5}},"100":{"start":{"line":216,"column":6},"end":{"line":216,"column":62}},"101":{"start":{"line":219,"column":18},"end":{"line":219,"column":20}},"102":{"start":{"line":222,"column":6},"end":{"line":241,"column":7}},"103":{"start":{"line":223,"column":22},"end":{"line":223,"column":68}},"104":{"start":{"line":225,"column":8},"end":{"line":238,"column":9}},"105":{"start":{"line":226,"column":27},"end":{"line":226,"column":57}},"106":{"start":{"line":227,"column":31},"end":{"line":227,"column":56}},"107":{"start":{"line":229,"column":10},"end":{"line":237,"column":11}},"108":{"start":{"line":230,"column":12},"end":{"line":230,"column":56}},"109":{"start":{"line":232,"column":12},"end":{"line":236,"column":15}},"110":{"start":{"line":240,"column":8},"end":{"line":240,"column":62}},"111":{"start":{"line":244,"column":4},"end":{"line":244,"column":34}},"112":{"start":{"line":246,"column":4},"end":{"line":249,"column":7}},"113":{"start":{"line":252,"column":4},"end":{"line":252,"column":63}},"114":{"start":{"line":253,"column":4},"end":{"line":253,"column":61}},"115":{"start":{"line":258,"column":0},"end":{"line":266,"column":3}},"116":{"start":{"line":259,"column":2},"end":{"line":265,"column":3}},"117":{"start":{"line":261,"column":4},"end":{"line":261,"column":80}},"118":{"start":{"line":264,"column":4},"end":{"line":264,"column":11}},"119":{"start":{"line":269,"column":0},"end":{"line":278,"column":3}},"120":{"start":{"line":270,"column":2},"end":{"line":277,"column":3}},"121":{"start":{"line":271,"column":21},"end":{"line":271,"column":58}},"122":{"start":{"line":272,"column":4},"end":{"line":274,"column":7}},"123":{"start":{"line":273,"column":6},"end":{"line":273,"column":45}},"124":{"start":{"line":276,"column":4},"end":{"line":276,"column":11}},"125":{"start":{"line":281,"column":0},"end":{"line":327,"column":3}},"126":{"start":{"line":282,"column":2},"end":{"line":284,"column":3}},"127":{"start":{"line":283,"column":4},"end":{"line":283,"column":18}},"128":{"start":{"line":288,"column":2},"end":{"line":292,"column":3}},"129":{"start":{"line":289,"column":4},"end":{"line":289,"column":61}},"130":{"start":{"line":291,"column":4},"end":{"line":291,"column":28}},"131":{"start":{"line":294,"column":19},"end":{"line":294,"column":56}},"132":{"start":{"line":297,"column":2},"end":{"line":299,"column":3}},"133":{"start":{"line":298,"column":4},"end":{"line":298,"column":49}},"134":{"start":{"line":302,"column":2},"end":{"line":326,"column":5}},"135":{"start":{"line":305,"column":4},"end":{"line":325,"column":5}},"136":{"start":{"line":306,"column":27},"end":{"line":306,"column":61}},"137":{"start":{"line":309,"column":27},"end":{"line":313,"column":7}},"138":{"start":{"line":315,"column":31},"end":{"line":315,"column":57}},"139":{"start":{"line":316,"column":24},"end":{"line":316,"column":90}},"140":{"start":{"line":316,"column":53},"end":{"line":316,"column":89}},"141":{"start":{"line":318,"column":6},"end":{"line":322,"column":7}},"142":{"start":{"line":319,"column":8},"end":{"line":319,"column":56}},"143":{"start":{"line":321,"column":8},"end":{"line":321,"column":15}},"144":{"start":{"line":324,"column":6},"end":{"line":324,"column":13}},"145":{"start":{"line":330,"column":0},"end":{"line":332,"column":3}},"146":{"start":{"line":331,"column":2},"end":{"line":331,"column":36}},"147":{"start":{"line":335,"column":0},"end":{"line":373,"column":1}},"148":{"start":{"line":336,"column":2},"end":{"line":372,"column":3}},"149":{"start":{"line":338,"column":29},"end":{"line":338,"column":57}},"150":{"start":{"line":340,"column":4},"end":{"line":344,"column":5}},"151":{"start":{"line":341,"column":6},"end":{"line":341,"column":101}},"152":{"start":{"line":342,"column":6},"end":{"line":342,"column":98}},"153":{"start":{"line":343,"column":6},"end":{"line":343,"column":22}},"154":{"start":{"line":346,"column":4},"end":{"line":363,"column":9}},"155":{"start":{"line":355,"column":8},"end":{"line":355,"column":26}},"156":{"start":{"line":356,"column":8},"end":{"line":356,"column":58}},"157":{"start":{"line":357,"column":8},"end":{"line":357,"column":78}},"158":{"start":{"line":358,"column":8},"end":{"line":358,"column":39}},"159":{"start":{"line":359,"column":8},"end":{"line":359,"column":63}},"160":{"start":{"line":360,"column":8},"end":{"line":360,"column":43}},"161":{"start":{"line":361,"column":8},"end":{"line":361,"column":95}},"162":{"start":{"line":362,"column":8},"end":{"line":362,"column":59}},"163":{"start":{"line":366,"column":4},"end":{"line":371,"column":7}},"164":{"start":{"line":367,"column":6},"end":{"line":367,"column":64}},"165":{"start":{"line":368,"column":6},"end":{"line":368,"column":76}},"166":{"start":{"line":369,"column":6},"end":{"line":369,"column":72}},"167":{"start":{"line":370,"column":6},"end":{"line":370,"column":101}},"168":{"start":{"line":376,"column":0},"end":{"line":376,"column":21}}},"fnMap":{"0":{"name":"sendFileWithCache","decl":{"start":{"line":17,"column":9},"end":{"line":17,"column":26}},"loc":{"start":{"line":17,"column":53},"end":{"line":46,"column":1}},"line":17},"1":{"name":"(anonymous_1)","decl":{"start":{"line":18,"column":24},"end":{"line":18,"column":25}},"loc":{"start":{"line":18,"column":40},"end":{"line":45,"column":3}},"line":18},"2":{"name":"(anonymous_2)","decl":{"start":{"line":40,"column":27},"end":{"line":40,"column":28}},"loc":{"start":{"line":40,"column":40},"end":{"line":44,"column":5}},"line":40},"3":{"name":"(anonymous_3)","decl":{"start":{"line":49,"column":22},"end":{"line":49,"column":23}},"loc":{"start":{"line":49,"column":42},"end":{"line":96,"column":1}},"line":49},"4":{"name":"findSites","decl":{"start":{"line":55,"column":19},"end":{"line":55,"column":28}},"loc":{"start":{"line":55,"column":53},"end":{"line":88,"column":5}},"line":55},"5":{"name":"(anonymous_5)","decl":{"start":{"line":99,"column":8},"end":{"line":99,"column":9}},"loc":{"start":{"line":99,"column":28},"end":{"line":139,"column":1}},"line":99},"6":{"name":"(anonymous_6)","decl":{"start":{"line":105,"column":50},"end":{"line":105,"column":51}},"loc":{"start":{"line":105,"column":55},"end":{"line":105,"column":56}},"line":105},"7":{"name":"(anonymous_7)","decl":{"start":{"line":142,"column":22},"end":{"line":142,"column":23}},"loc":{"start":{"line":142,"column":42},"end":{"line":201,"column":1}},"line":142},"8":{"name":"(anonymous_8)","decl":{"start":{"line":204,"column":32},"end":{"line":204,"column":33}},"loc":{"start":{"line":204,"column":52},"end":{"line":255,"column":1}},"line":204},"9":{"name":"walkDirectory","decl":{"start":{"line":221,"column":19},"end":{"line":221,"column":32}},"loc":{"start":{"line":221,"column":53},"end":{"line":242,"column":5}},"line":221},"10":{"name":"(anonymous_10)","decl":{"start":{"line":258,"column":13},"end":{"line":258,"column":14}},"loc":{"start":{"line":258,"column":33},"end":{"line":266,"column":1}},"line":258},"11":{"name":"(anonymous_11)","decl":{"start":{"line":269,"column":14},"end":{"line":269,"column":15}},"loc":{"start":{"line":269,"column":34},"end":{"line":278,"column":1}},"line":269},"12":{"name":"(anonymous_12)","decl":{"start":{"line":272,"column":42},"end":{"line":272,"column":43}},"loc":{"start":{"line":272,"column":48},"end":{"line":274,"column":5}},"line":272},"13":{"name":"(anonymous_13)","decl":{"start":{"line":281,"column":8},"end":{"line":281,"column":9}},"loc":{"start":{"line":281,"column":28},"end":{"line":327,"column":1}},"line":281},"14":{"name":"(anonymous_14)","decl":{"start":{"line":302,"column":40},"end":{"line":302,"column":41}},"loc":{"start":{"line":302,"column":46},"end":{"line":326,"column":3}},"line":302},"15":{"name":"(anonymous_15)","decl":{"start":{"line":316,"column":42},"end":{"line":316,"column":43}},"loc":{"start":{"line":316,"column":53},"end":{"line":316,"column":89}},"line":316},"16":{"name":"(anonymous_16)","decl":{"start":{"line":330,"column":8},"end":{"line":330,"column":9}},"loc":{"start":{"line":330,"column":22},"end":{"line":332,"column":1}},"line":330},"17":{"name":"(anonymous_17)","decl":{"start":{"line":353,"column":13},"end":{"line":353,"column":14}},"loc":{"start":{"line":353,"column":22},"end":{"line":363,"column":7}},"line":353},"18":{"name":"(anonymous_18)","decl":{"start":{"line":366,"column":26},"end":{"line":366,"column":27}},"loc":{"start":{"line":366,"column":32},"end":{"line":371,"column":5}},"line":366}},"branchMap":{"0":{"loc":{"start":{"line":7,"column":18},"end":{"line":7,"column":52}},"type":"binary-expr","locations":[{"start":{"line":7,"column":18},"end":{"line":7,"column":39}},{"start":{"line":7,"column":43},"end":{"line":7,"column":52}}],"line":7},"1":{"loc":{"start":{"line":9,"column":25},"end":{"line":9,"column":59}},"type":"binary-expr","locations":[{"start":{"line":9,"column":25},"end":{"line":9,"column":53}},{"start":{"line":9,"column":57},"end":{"line":9,"column":59}}],"line":9},"2":{"loc":{"start":{"line":14,"column":18},"end":{"line":14,"column":62}},"type":"cond-expr","locations":[{"start":{"line":14,"column":31},"end":{"line":14,"column":33}},{"start":{"line":14,"column":37},"end":{"line":14,"column":61}}],"line":14},"3":{"loc":{"start":{"line":14,"column":37},"end":{"line":14,"column":61}},"type":"binary-expr","locations":[{"start":{"line":14,"column":37},"end":{"line":14,"column":53}},{"start":{"line":14,"column":57},"end":{"line":14,"column":61}}],"line":14},"4":{"loc":{"start":{"line":19,"column":4},"end":{"line":22,"column":5}},"type":"if","locations":[{"start":{"line":19,"column":4},"end":{"line":22,"column":5}},{"start":{},"end":{}}],"line":19},"5":{"loc":{"start":{"line":20,"column":6},"end":{"line":20,"column":23}},"type":"if","locations":[{"start":{"line":20,"column":6},"end":{"line":20,"column":23}},{"start":{},"end":{}}],"line":20},"6":{"loc":{"start":{"line":29,"column":4},"end":{"line":33,"column":5}},"type":"if","locations":[{"start":{"line":29,"column":4},"end":{"line":33,"column":5}},{"start":{},"end":{}}],"line":29},"7":{"loc":{"start":{"line":41,"column":6},"end":{"line":43,"column":7}},"type":"if","locations":[{"start":{"line":41,"column":6},"end":{"line":43,"column":7}},{"start":{},"end":{}}],"line":41},"8":{"loc":{"start":{"line":41,"column":10},"end":{"line":41,"column":25}},"type":"binary-expr","locations":[{"start":{"line":41,"column":10},"end":{"line":41,"column":17}},{"start":{"line":41,"column":21},"end":{"line":41,"column":25}}],"line":41},"9":{"loc":{"start":{"line":55,"column":34},"end":{"line":55,"column":51}},"type":"default-arg","locations":[{"start":{"line":55,"column":49},"end":{"line":55,"column":51}}],"line":55},"10":{"loc":{"start":{"line":59,"column":8},"end":{"line":86,"column":9}},"type":"if","locations":[{"start":{"line":59,"column":8},"end":{"line":86,"column":9}},{"start":{},"end":{}}],"line":59},"11":{"loc":{"start":{"line":61,"column":26},"end":{"line":61,"column":87}},"type":"cond-expr","locations":[{"start":{"line":61,"column":41},"end":{"line":61,"column":75}},{"start":{"line":61,"column":78},"end":{"line":61,"column":87}}],"line":61},"12":{"loc":{"start":{"line":79,"column":19},"end":{"line":79,"column":109}},"type":"cond-expr","locations":[{"start":{"line":79,"column":32},"end":{"line":79,"column":63}},{"start":{"line":79,"column":66},"end":{"line":79,"column":109}}],"line":79},"13":{"loc":{"start":{"line":116,"column":6},"end":{"line":122,"column":7}},"type":"if","locations":[{"start":{"line":116,"column":6},"end":{"line":122,"column":7}},{"start":{},"end":{}}],"line":116},"14":{"loc":{"start":{"line":130,"column":2},"end":{"line":136,"column":3}},"type":"if","locations":[{"start":{"line":130,"column":2},"end":{"line":136,"column":3}},{"start":{"line":133,"column":9},"end":{"line":136,"column":3}}],"line":130},"15":{"loc":{"start":{"line":130,"column":6},"end":{"line":130,"column":58}},"type":"binary-expr","locations":[{"start":{"line":130,"column":6},"end":{"line":130,"column":30}},{"start":{"line":130,"column":34},"end":{"line":130,"column":58}}],"line":130},"16":{"loc":{"start":{"line":145,"column":4},"end":{"line":147,"column":5}},"type":"if","locations":[{"start":{"line":145,"column":4},"end":{"line":147,"column":5}},{"start":{},"end":{}}],"line":145},"17":{"loc":{"start":{"line":149,"column":21},"end":{"line":149,"column":41}},"type":"binary-expr","locations":[{"start":{"line":149,"column":21},"end":{"line":149,"column":34}},{"start":{"line":149,"column":38},"end":{"line":149,"column":41}}],"line":149},"18":{"loc":{"start":{"line":153,"column":4},"end":{"line":155,"column":5}},"type":"if","locations":[{"start":{"line":153,"column":4},"end":{"line":155,"column":5}},{"start":{},"end":{}}],"line":153},"19":{"loc":{"start":{"line":160,"column":6},"end":{"line":162,"column":7}},"type":"if","locations":[{"start":{"line":160,"column":6},"end":{"line":162,"column":7}},{"start":{},"end":{}}],"line":160},"20":{"loc":{"start":{"line":176,"column":6},"end":{"line":188,"column":7}},"type":"if","locations":[{"start":{"line":176,"column":6},"end":{"line":188,"column":7}},{"start":{"line":182,"column":13},"end":{"line":188,"column":7}}],"line":176},"21":{"loc":{"start":{"line":207,"column":4},"end":{"line":209,"column":5}},"type":"if","locations":[{"start":{"line":207,"column":4},"end":{"line":209,"column":5}},{"start":{},"end":{}}],"line":207},"22":{"loc":{"start":{"line":211,"column":21},"end":{"line":211,"column":41}},"type":"binary-expr","locations":[{"start":{"line":211,"column":21},"end":{"line":211,"column":34}},{"start":{"line":211,"column":38},"end":{"line":211,"column":41}}],"line":211},"23":{"loc":{"start":{"line":215,"column":4},"end":{"line":217,"column":5}},"type":"if","locations":[{"start":{"line":215,"column":4},"end":{"line":217,"column":5}},{"start":{},"end":{}}],"line":215},"24":{"loc":{"start":{"line":221,"column":38},"end":{"line":221,"column":51}},"type":"default-arg","locations":[{"start":{"line":221,"column":49},"end":{"line":221,"column":51}}],"line":221},"25":{"loc":{"start":{"line":229,"column":10},"end":{"line":237,"column":11}},"type":"if","locations":[{"start":{"line":229,"column":10},"end":{"line":237,"column":11}},{"start":{"line":231,"column":17},"end":{"line":237,"column":11}}],"line":229},"26":{"loc":{"start":{"line":259,"column":2},"end":{"line":265,"column":3}},"type":"if","locations":[{"start":{"line":259,"column":2},"end":{"line":265,"column":3}},{"start":{"line":262,"column":9},"end":{"line":265,"column":3}}],"line":259},"27":{"loc":{"start":{"line":270,"column":2},"end":{"line":277,"column":3}},"type":"if","locations":[{"start":{"line":270,"column":2},"end":{"line":277,"column":3}},{"start":{"line":275,"column":9},"end":{"line":277,"column":3}}],"line":270},"28":{"loc":{"start":{"line":270,"column":6},"end":{"line":270,"column":71}},"type":"binary-expr","locations":[{"start":{"line":270,"column":6},"end":{"line":270,"column":18}},{"start":{"line":270,"column":22},"end":{"line":270,"column":34}},{"start":{"line":270,"column":38},"end":{"line":270,"column":71}}],"line":270},"29":{"loc":{"start":{"line":282,"column":2},"end":{"line":284,"column":3}},"type":"if","locations":[{"start":{"line":282,"column":2},"end":{"line":284,"column":3}},{"start":{},"end":{}}],"line":282},"30":{"loc":{"start":{"line":288,"column":2},"end":{"line":292,"column":3}},"type":"if","locations":[{"start":{"line":288,"column":2},"end":{"line":292,"column":3}},{"start":{"line":290,"column":9},"end":{"line":292,"column":3}}],"line":288},"31":{"loc":{"start":{"line":288,"column":6},"end":{"line":288,"column":59}},"type":"binary-expr","locations":[{"start":{"line":288,"column":6},"end":{"line":288,"column":20}},{"start":{"line":288,"column":24},"end":{"line":288,"column":59}}],"line":288},"32":{"loc":{"start":{"line":297,"column":2},"end":{"line":299,"column":3}},"type":"if","locations":[{"start":{"line":297,"column":2},"end":{"line":299,"column":3}},{"start":{},"end":{}}],"line":297},"33":{"loc":{"start":{"line":305,"column":4},"end":{"line":325,"column":5}},"type":"if","locations":[{"start":{"line":305,"column":4},"end":{"line":325,"column":5}},{"start":{"line":323,"column":11},"end":{"line":325,"column":5}}],"line":305},"34":{"loc":{"start":{"line":305,"column":8},"end":{"line":305,"column":117}},"type":"binary-expr","locations":[{"start":{"line":305,"column":8},"end":{"line":305,"column":39}},{"start":{"line":305,"column":43},"end":{"line":305,"column":78}},{"start":{"line":305,"column":82},"end":{"line":305,"column":117}}],"line":305},"35":{"loc":{"start":{"line":318,"column":6},"end":{"line":322,"column":7}},"type":"if","locations":[{"start":{"line":318,"column":6},"end":{"line":322,"column":7}},{"start":{"line":320,"column":13},"end":{"line":322,"column":7}}],"line":318},"36":{"loc":{"start":{"line":335,"column":0},"end":{"line":373,"column":1}},"type":"if","locations":[{"start":{"line":335,"column":0},"end":{"line":373,"column":1}},{"start":{},"end":{}}],"line":335},"37":{"loc":{"start":{"line":336,"column":2},"end":{"line":372,"column":3}},"type":"if","locations":[{"start":{"line":336,"column":2},"end":{"line":372,"column":3}},{"start":{"line":364,"column":9},"end":{"line":372,"column":3}}],"line":336},"38":{"loc":{"start":{"line":340,"column":4},"end":{"line":344,"column":5}},"type":"if","locations":[{"start":{"line":340,"column":4},"end":{"line":344,"column":5}},{"start":{},"end":{}}],"line":340}},"s":{"0":3,"1":3,"2":3,"3":3,"4":3,"5":3,"6":3,"7":3,"8":3,"9":23,"10":23,"11":3,"12":3,"13":3,"14":20,"15":20,"16":20,"17":1,"18":1,"19":19,"20":19,"21":19,"22":19,"23":0,"24":3,"25":17,"26":17,"27":17,"28":34,"29":34,"30":272,"31":272,"32":272,"33":272,"34":272,"35":272,"36":255,"37":255,"38":255,"39":255,"40":255,"41":17,"42":17,"43":17,"44":0,"45":0,"46":3,"47":33,"48":33,"49":33,"50":103,"51":33,"52":33,"53":53,"54":53,"55":53,"56":53,"57":53,"58":15,"59":15,"60":15,"61":15,"62":15,"63":18,"64":18,"65":18,"66":0,"67":0,"68":18,"69":3,"70":3,"71":3,"72":1,"73":2,"74":2,"75":2,"76":1,"77":1,"78":1,"79":1,"80":0,"81":0,"82":1,"83":1,"84":1,"85":1,"86":6,"87":6,"88":2,"89":4,"90":1,"91":0,"92":0,"93":3,"94":2,"95":2,"96":0,"97":2,"98":2,"99":2,"100":1,"101":1,"102":15,"103":15,"104":15,"105":48,"106":48,"107":48,"108":14,"109":34,"110":0,"111":1,"112":1,"113":0,"114":0,"115":3,"116":11,"117":11,"118":0,"119":3,"120":17,"121":5,"122":5,"123":0,"124":12,"125":3,"126":12,"127":6,"128":6,"129":6,"130":0,"131":6,"132":6,"133":2,"134":4,"135":3,"136":3,"137":3,"138":3,"139":3,"140":6,"141":3,"142":3,"143":0,"144":0,"145":3,"146":6,"147":3,"148":0,"149":0,"150":0,"151":0,"152":0,"153":0,"154":0,"155":0,"156":0,"157":0,"158":0,"159":0,"160":0,"161":0,"162":0,"163":0,"164":0,"165":0,"166":0,"167":0,"168":3},"f":{"0":23,"1":23,"2":19,"3":17,"4":34,"5":33,"6":103,"7":3,"8":2,"9":15,"10":11,"11":17,"12":0,"13":12,"14":3,"15":6,"16":6,"17":0,"18":0},"b":{"0":[3,3],"1":[3,3],"2":[0,3],"3":[3,3],"4":[3,20],"5":[3,0],"6":[1,19],"7":[0,19],"8":[19,0],"9":[17],"10":[272,0],"11":[238,34],"12":[0,255],"13":[15,0],"14":[18,0],"15":[18,18],"16":[1,2],"17":[2,0],"18":[1,1],"19":[0,1],"20":[2,4],"21":[0,2],"22":[2,0],"23":[1,1],"24":[1],"25":[14,34],"26":[11,0],"27":[5,12],"28":[17,11,11],"29":[6,6],"30":[6,0],"31":[6,6],"32":[2,4],"33":[3,0],"34":[3,2,1],"35":[3,0],"36":[0,3],"37":[0,0],"38":[0,0]},"_coverageSchema":"1a1c01bbd47fc00a2c39e90264f33305004495a9","hash":"577f37bc5f30667f9cc8bedce1c4661377c867a3"}
}
