{"/home/bhoult/programming/AjaxCMS/server.js": {"path":"/home/bhoult/programming/AjaxCMS/server.js","statementMap":{"0":{"start":{"line":1,"column":16},"end":{"line":1,"column":34}},"1":{"start":{"line":2,"column":11},"end":{"line":2,"column":33}},"2":{"start":{"line":3,"column":13},"end":{"line":3,"column":28}},"3":{"start":{"line":5,"column":12},"end":{"line":5,"column":21}},"4":{"start":{"line":6,"column":13},"end":{"line":6,"column":37}},"5":{"start":{"line":7,"column":18},"end":{"line":7,"column":52}},"6":{"start":{"line":10,"column":0},"end":{"line":57,"column":3}},"7":{"start":{"line":11,"column":2},"end":{"line":56,"column":3}},"8":{"start":{"line":12,"column":22},"end":{"line":12,"column":53}},"9":{"start":{"line":13,"column":18},"end":{"line":13,"column":20}},"10":{"start":{"line":17,"column":20},"end":{"line":17,"column":66}},"11":{"start":{"line":19,"column":6},"end":{"line":48,"column":7}},"12":{"start":{"line":20,"column":8},"end":{"line":47,"column":9}},"13":{"start":{"line":21,"column":27},"end":{"line":21,"column":52}},"14":{"start":{"line":22,"column":26},"end":{"line":22,"column":87}},"15":{"start":{"line":23,"column":28},"end":{"line":23,"column":61}},"16":{"start":{"line":26,"column":10},"end":{"line":46,"column":11}},"17":{"start":{"line":27,"column":12},"end":{"line":27,"column":39}},"18":{"start":{"line":29,"column":36},"end":{"line":29,"column":73}},"19":{"start":{"line":30,"column":30},"end":{"line":30,"column":32}},"20":{"start":{"line":31,"column":12},"end":{"line":35,"column":13}},"21":{"start":{"line":32,"column":14},"end":{"line":32,"column":72}},"22":{"start":{"line":37,"column":12},"end":{"line":42,"column":15}},"23":{"start":{"line":45,"column":12},"end":{"line":45,"column":47}},"24":{"start":{"line":51,"column":4},"end":{"line":51,"column":31}},"25":{"start":{"line":52,"column":4},"end":{"line":52,"column":24}},"26":{"start":{"line":54,"column":4},"end":{"line":54,"column":47}},"27":{"start":{"line":55,"column":4},"end":{"line":55,"column":60}},"28":{"start":{"line":60,"column":0},"end":{"line":100,"column":3}},"29":{"start":{"line":61,"column":19},"end":{"line":61,"column":31}},"30":{"start":{"line":62,"column":20},"end":{"line":62,"column":51}},"31":{"start":{"line":66,"column":23},"end":{"line":66,"column":57}},"32":{"start":{"line":66,"column":55},"end":{"line":66,"column":56}},"33":{"start":{"line":69,"column":2},"end":{"line":87,"column":3}},"34":{"start":{"line":69,"column":15},"end":{"line":69,"column":34}},"35":{"start":{"line":70,"column":30},"end":{"line":70,"column":64}},"36":{"start":{"line":71,"column":25},"end":{"line":71,"column":64}},"37":{"start":{"line":72,"column":22},"end":{"line":72,"column":59}},"38":{"start":{"line":75,"column":4},"end":{"line":86,"column":5}},"39":{"start":{"line":76,"column":19},"end":{"line":76,"column":52}},"40":{"start":{"line":77,"column":6},"end":{"line":83,"column":7}},"41":{"start":{"line":78,"column":8},"end":{"line":78,"column":43}},"42":{"start":{"line":79,"column":8},"end":{"line":79,"column":36}},"43":{"start":{"line":80,"column":8},"end":{"line":80,"column":49}},"44":{"start":{"line":82,"column":8},"end":{"line":82,"column":22}},"45":{"start":{"line":91,"column":2},"end":{"line":97,"column":3}},"46":{"start":{"line":92,"column":4},"end":{"line":92,"column":24}},"47":{"start":{"line":93,"column":4},"end":{"line":93,"column":24}},"48":{"start":{"line":95,"column":4},"end":{"line":95,"column":28}},"49":{"start":{"line":96,"column":4},"end":{"line":96,"column":50}},"50":{"start":{"line":99,"column":2},"end":{"line":99,"column":9}},"51":{"start":{"line":103,"column":0},"end":{"line":162,"column":3}},"52":{"start":{"line":104,"column":2},"end":{"line":161,"column":3}},"53":{"start":{"line":106,"column":4},"end":{"line":108,"column":5}},"54":{"start":{"line":107,"column":6},"end":{"line":107,"column":66}},"55":{"start":{"line":110,"column":21},"end":{"line":110,"column":41}},"56":{"start":{"line":111,"column":21},"end":{"line":111,"column":54}},"57":{"start":{"line":114,"column":4},"end":{"line":116,"column":5}},"58":{"start":{"line":115,"column":6},"end":{"line":115,"column":62}},"59":{"start":{"line":119,"column":4},"end":{"line":126,"column":5}},"60":{"start":{"line":120,"column":20},"end":{"line":120,"column":43}},"61":{"start":{"line":121,"column":6},"end":{"line":123,"column":7}},"62":{"start":{"line":122,"column":8},"end":{"line":122,"column":66}},"63":{"start":{"line":125,"column":6},"end":{"line":125,"column":68}},"64":{"start":{"line":129,"column":18},"end":{"line":129,"column":69}},"65":{"start":{"line":131,"column":18},"end":{"line":131,"column":20}},"66":{"start":{"line":132,"column":24},"end":{"line":132,"column":26}},"67":{"start":{"line":134,"column":4},"end":{"line":150,"column":5}},"68":{"start":{"line":135,"column":23},"end":{"line":135,"column":53}},"69":{"start":{"line":137,"column":6},"end":{"line":149,"column":7}},"70":{"start":{"line":138,"column":8},"end":{"line":142,"column":11}},"71":{"start":{"line":144,"column":8},"end":{"line":148,"column":11}},"72":{"start":{"line":152,"column":4},"end":{"line":156,"column":7}},"73":{"start":{"line":159,"column":4},"end":{"line":159,"column":51}},"74":{"start":{"line":160,"column":4},"end":{"line":160,"column":61}},"75":{"start":{"line":165,"column":0},"end":{"line":216,"column":3}},"76":{"start":{"line":166,"column":2},"end":{"line":215,"column":3}},"77":{"start":{"line":168,"column":4},"end":{"line":170,"column":5}},"78":{"start":{"line":169,"column":6},"end":{"line":169,"column":66}},"79":{"start":{"line":172,"column":21},"end":{"line":172,"column":41}},"80":{"start":{"line":173,"column":21},"end":{"line":173,"column":54}},"81":{"start":{"line":176,"column":4},"end":{"line":178,"column":5}},"82":{"start":{"line":177,"column":6},"end":{"line":177,"column":62}},"83":{"start":{"line":180,"column":18},"end":{"line":180,"column":20}},"84":{"start":{"line":183,"column":6},"end":{"line":202,"column":7}},"85":{"start":{"line":184,"column":22},"end":{"line":184,"column":68}},"86":{"start":{"line":186,"column":8},"end":{"line":199,"column":9}},"87":{"start":{"line":187,"column":27},"end":{"line":187,"column":57}},"88":{"start":{"line":188,"column":31},"end":{"line":188,"column":56}},"89":{"start":{"line":190,"column":10},"end":{"line":198,"column":11}},"90":{"start":{"line":191,"column":12},"end":{"line":191,"column":56}},"91":{"start":{"line":193,"column":12},"end":{"line":197,"column":15}},"92":{"start":{"line":201,"column":8},"end":{"line":201,"column":62}},"93":{"start":{"line":205,"column":4},"end":{"line":205,"column":34}},"94":{"start":{"line":207,"column":4},"end":{"line":210,"column":7}},"95":{"start":{"line":213,"column":4},"end":{"line":213,"column":63}},"96":{"start":{"line":214,"column":4},"end":{"line":214,"column":61}},"97":{"start":{"line":219,"column":0},"end":{"line":227,"column":3}},"98":{"start":{"line":220,"column":2},"end":{"line":226,"column":3}},"99":{"start":{"line":222,"column":4},"end":{"line":222,"column":59}},"100":{"start":{"line":225,"column":4},"end":{"line":225,"column":11}},"101":{"start":{"line":230,"column":0},"end":{"line":241,"column":3}},"102":{"start":{"line":231,"column":2},"end":{"line":240,"column":3}},"103":{"start":{"line":232,"column":21},"end":{"line":232,"column":58}},"104":{"start":{"line":233,"column":4},"end":{"line":237,"column":7}},"105":{"start":{"line":234,"column":6},"end":{"line":236,"column":7}},"106":{"start":{"line":235,"column":8},"end":{"line":235,"column":47}},"107":{"start":{"line":239,"column":4},"end":{"line":239,"column":11}},"108":{"start":{"line":244,"column":0},"end":{"line":296,"column":3}},"109":{"start":{"line":245,"column":2},"end":{"line":247,"column":3}},"110":{"start":{"line":246,"column":4},"end":{"line":246,"column":18}},"111":{"start":{"line":251,"column":2},"end":{"line":255,"column":3}},"112":{"start":{"line":252,"column":4},"end":{"line":252,"column":61}},"113":{"start":{"line":254,"column":4},"end":{"line":254,"column":28}},"114":{"start":{"line":257,"column":19},"end":{"line":257,"column":56}},"115":{"start":{"line":260,"column":2},"end":{"line":262,"column":3}},"116":{"start":{"line":261,"column":4},"end":{"line":261,"column":49}},"117":{"start":{"line":265,"column":2},"end":{"line":295,"column":5}},"118":{"start":{"line":266,"column":4},"end":{"line":294,"column":5}},"119":{"start":{"line":269,"column":6},"end":{"line":293,"column":7}},"120":{"start":{"line":270,"column":29},"end":{"line":270,"column":63}},"121":{"start":{"line":273,"column":29},"end":{"line":277,"column":9}},"122":{"start":{"line":279,"column":33},"end":{"line":279,"column":59}},"123":{"start":{"line":280,"column":26},"end":{"line":280,"column":92}},"124":{"start":{"line":280,"column":55},"end":{"line":280,"column":91}},"125":{"start":{"line":282,"column":8},"end":{"line":290,"column":9}},"126":{"start":{"line":283,"column":10},"end":{"line":287,"column":13}},"127":{"start":{"line":284,"column":12},"end":{"line":286,"column":13}},"128":{"start":{"line":285,"column":14},"end":{"line":285,"column":21}},"129":{"start":{"line":289,"column":10},"end":{"line":289,"column":17}},"130":{"start":{"line":292,"column":8},"end":{"line":292,"column":15}},"131":{"start":{"line":299,"column":0},"end":{"line":301,"column":3}},"132":{"start":{"line":300,"column":2},"end":{"line":300,"column":36}},"133":{"start":{"line":304,"column":0},"end":{"line":311,"column":1}},"134":{"start":{"line":305,"column":2},"end":{"line":310,"column":5}},"135":{"start":{"line":306,"column":4},"end":{"line":306,"column":69}},"136":{"start":{"line":307,"column":4},"end":{"line":307,"column":74}},"137":{"start":{"line":308,"column":4},"end":{"line":308,"column":65}},"138":{"start":{"line":309,"column":4},"end":{"line":309,"column":111}},"139":{"start":{"line":314,"column":0},"end":{"line":314,"column":21}}},"fnMap":{"0":{"name":"(anonymous_0)","decl":{"start":{"line":10,"column":22},"end":{"line":10,"column":23}},"loc":{"start":{"line":10,"column":42},"end":{"line":57,"column":1}},"line":10},"1":{"name":"findSites","decl":{"start":{"line":16,"column":19},"end":{"line":16,"column":28}},"loc":{"start":{"line":16,"column":53},"end":{"line":49,"column":5}},"line":16},"2":{"name":"(anonymous_2)","decl":{"start":{"line":60,"column":8},"end":{"line":60,"column":9}},"loc":{"start":{"line":60,"column":28},"end":{"line":100,"column":1}},"line":60},"3":{"name":"(anonymous_3)","decl":{"start":{"line":66,"column":50},"end":{"line":66,"column":51}},"loc":{"start":{"line":66,"column":55},"end":{"line":66,"column":56}},"line":66},"4":{"name":"(anonymous_4)","decl":{"start":{"line":103,"column":22},"end":{"line":103,"column":23}},"loc":{"start":{"line":103,"column":42},"end":{"line":162,"column":1}},"line":103},"5":{"name":"(anonymous_5)","decl":{"start":{"line":165,"column":32},"end":{"line":165,"column":33}},"loc":{"start":{"line":165,"column":52},"end":{"line":216,"column":1}},"line":165},"6":{"name":"walkDirectory","decl":{"start":{"line":182,"column":19},"end":{"line":182,"column":32}},"loc":{"start":{"line":182,"column":53},"end":{"line":203,"column":5}},"line":182},"7":{"name":"(anonymous_7)","decl":{"start":{"line":219,"column":13},"end":{"line":219,"column":14}},"loc":{"start":{"line":219,"column":27},"end":{"line":227,"column":1}},"line":219},"8":{"name":"(anonymous_8)","decl":{"start":{"line":230,"column":14},"end":{"line":230,"column":15}},"loc":{"start":{"line":230,"column":34},"end":{"line":241,"column":1}},"line":230},"9":{"name":"(anonymous_9)","decl":{"start":{"line":233,"column":27},"end":{"line":233,"column":28}},"loc":{"start":{"line":233,"column":36},"end":{"line":237,"column":5}},"line":233},"10":{"name":"(anonymous_10)","decl":{"start":{"line":244,"column":8},"end":{"line":244,"column":9}},"loc":{"start":{"line":244,"column":28},"end":{"line":296,"column":1}},"line":244},"11":{"name":"(anonymous_11)","decl":{"start":{"line":265,"column":25},"end":{"line":265,"column":26}},"loc":{"start":{"line":265,"column":34},"end":{"line":295,"column":3}},"line":265},"12":{"name":"(anonymous_12)","decl":{"start":{"line":280,"column":44},"end":{"line":280,"column":45}},"loc":{"start":{"line":280,"column":55},"end":{"line":280,"column":91}},"line":280},"13":{"name":"(anonymous_13)","decl":{"start":{"line":283,"column":37},"end":{"line":283,"column":38}},"loc":{"start":{"line":283,"column":54},"end":{"line":287,"column":11}},"line":283},"14":{"name":"(anonymous_14)","decl":{"start":{"line":299,"column":8},"end":{"line":299,"column":9}},"loc":{"start":{"line":299,"column":22},"end":{"line":301,"column":1}},"line":299},"15":{"name":"(anonymous_15)","decl":{"start":{"line":305,"column":19},"end":{"line":305,"column":20}},"loc":{"start":{"line":305,"column":25},"end":{"line":310,"column":3}},"line":305}},"branchMap":{"0":{"loc":{"start":{"line":6,"column":13},"end":{"line":6,"column":37}},"type":"binary-expr","locations":[{"start":{"line":6,"column":13},"end":{"line":6,"column":29}},{"start":{"line":6,"column":33},"end":{"line":6,"column":37}}],"line":6},"1":{"loc":{"start":{"line":7,"column":18},"end":{"line":7,"column":52}},"type":"binary-expr","locations":[{"start":{"line":7,"column":18},"end":{"line":7,"column":39}},{"start":{"line":7,"column":43},"end":{"line":7,"column":52}}],"line":7},"2":{"loc":{"start":{"line":16,"column":34},"end":{"line":16,"column":51}},"type":"default-arg","locations":[{"start":{"line":16,"column":49},"end":{"line":16,"column":51}}],"line":16},"3":{"loc":{"start":{"line":20,"column":8},"end":{"line":47,"column":9}},"type":"if","locations":[{"start":{"line":20,"column":8},"end":{"line":47,"column":9}},{"start":{},"end":{}}],"line":20},"4":{"loc":{"start":{"line":22,"column":26},"end":{"line":22,"column":87}},"type":"cond-expr","locations":[{"start":{"line":22,"column":41},"end":{"line":22,"column":75}},{"start":{"line":22,"column":78},"end":{"line":22,"column":87}}],"line":22},"5":{"loc":{"start":{"line":77,"column":6},"end":{"line":83,"column":7}},"type":"if","locations":[{"start":{"line":77,"column":6},"end":{"line":83,"column":7}},{"start":{},"end":{}}],"line":77},"6":{"loc":{"start":{"line":91,"column":2},"end":{"line":97,"column":3}},"type":"if","locations":[{"start":{"line":91,"column":2},"end":{"line":97,"column":3}},{"start":{"line":94,"column":9},"end":{"line":97,"column":3}}],"line":91},"7":{"loc":{"start":{"line":91,"column":6},"end":{"line":91,"column":58}},"type":"binary-expr","locations":[{"start":{"line":91,"column":6},"end":{"line":91,"column":30}},{"start":{"line":91,"column":34},"end":{"line":91,"column":58}}],"line":91},"8":{"loc":{"start":{"line":106,"column":4},"end":{"line":108,"column":5}},"type":"if","locations":[{"start":{"line":106,"column":4},"end":{"line":108,"column":5}},{"start":{},"end":{}}],"line":106},"9":{"loc":{"start":{"line":110,"column":21},"end":{"line":110,"column":41}},"type":"binary-expr","locations":[{"start":{"line":110,"column":21},"end":{"line":110,"column":34}},{"start":{"line":110,"column":38},"end":{"line":110,"column":41}}],"line":110},"10":{"loc":{"start":{"line":114,"column":4},"end":{"line":116,"column":5}},"type":"if","locations":[{"start":{"line":114,"column":4},"end":{"line":116,"column":5}},{"start":{},"end":{}}],"line":114},"11":{"loc":{"start":{"line":121,"column":6},"end":{"line":123,"column":7}},"type":"if","locations":[{"start":{"line":121,"column":6},"end":{"line":123,"column":7}},{"start":{},"end":{}}],"line":121},"12":{"loc":{"start":{"line":137,"column":6},"end":{"line":149,"column":7}},"type":"if","locations":[{"start":{"line":137,"column":6},"end":{"line":149,"column":7}},{"start":{"line":143,"column":13},"end":{"line":149,"column":7}}],"line":137},"13":{"loc":{"start":{"line":168,"column":4},"end":{"line":170,"column":5}},"type":"if","locations":[{"start":{"line":168,"column":4},"end":{"line":170,"column":5}},{"start":{},"end":{}}],"line":168},"14":{"loc":{"start":{"line":172,"column":21},"end":{"line":172,"column":41}},"type":"binary-expr","locations":[{"start":{"line":172,"column":21},"end":{"line":172,"column":34}},{"start":{"line":172,"column":38},"end":{"line":172,"column":41}}],"line":172},"15":{"loc":{"start":{"line":176,"column":4},"end":{"line":178,"column":5}},"type":"if","locations":[{"start":{"line":176,"column":4},"end":{"line":178,"column":5}},{"start":{},"end":{}}],"line":176},"16":{"loc":{"start":{"line":182,"column":38},"end":{"line":182,"column":51}},"type":"default-arg","locations":[{"start":{"line":182,"column":49},"end":{"line":182,"column":51}}],"line":182},"17":{"loc":{"start":{"line":190,"column":10},"end":{"line":198,"column":11}},"type":"if","locations":[{"start":{"line":190,"column":10},"end":{"line":198,"column":11}},{"start":{"line":192,"column":17},"end":{"line":198,"column":11}}],"line":190},"18":{"loc":{"start":{"line":220,"column":2},"end":{"line":226,"column":3}},"type":"if","locations":[{"start":{"line":220,"column":2},"end":{"line":226,"column":3}},{"start":{"line":223,"column":9},"end":{"line":226,"column":3}}],"line":220},"19":{"loc":{"start":{"line":231,"column":2},"end":{"line":240,"column":3}},"type":"if","locations":[{"start":{"line":231,"column":2},"end":{"line":240,"column":3}},{"start":{"line":238,"column":9},"end":{"line":240,"column":3}}],"line":231},"20":{"loc":{"start":{"line":231,"column":6},"end":{"line":231,"column":71}},"type":"binary-expr","locations":[{"start":{"line":231,"column":6},"end":{"line":231,"column":18}},{"start":{"line":231,"column":22},"end":{"line":231,"column":34}},{"start":{"line":231,"column":38},"end":{"line":231,"column":71}}],"line":231},"21":{"loc":{"start":{"line":234,"column":6},"end":{"line":236,"column":7}},"type":"if","locations":[{"start":{"line":234,"column":6},"end":{"line":236,"column":7}},{"start":{},"end":{}}],"line":234},"22":{"loc":{"start":{"line":245,"column":2},"end":{"line":247,"column":3}},"type":"if","locations":[{"start":{"line":245,"column":2},"end":{"line":247,"column":3}},{"start":{},"end":{}}],"line":245},"23":{"loc":{"start":{"line":251,"column":2},"end":{"line":255,"column":3}},"type":"if","locations":[{"start":{"line":251,"column":2},"end":{"line":255,"column":3}},{"start":{"line":253,"column":9},"end":{"line":255,"column":3}}],"line":251},"24":{"loc":{"start":{"line":251,"column":6},"end":{"line":251,"column":59}},"type":"binary-expr","locations":[{"start":{"line":251,"column":6},"end":{"line":251,"column":20}},{"start":{"line":251,"column":24},"end":{"line":251,"column":59}}],"line":251},"25":{"loc":{"start":{"line":260,"column":2},"end":{"line":262,"column":3}},"type":"if","locations":[{"start":{"line":260,"column":2},"end":{"line":262,"column":3}},{"start":{},"end":{}}],"line":260},"26":{"loc":{"start":{"line":266,"column":4},"end":{"line":294,"column":5}},"type":"if","locations":[{"start":{"line":266,"column":4},"end":{"line":294,"column":5}},{"start":{},"end":{}}],"line":266},"27":{"loc":{"start":{"line":269,"column":6},"end":{"line":293,"column":7}},"type":"if","locations":[{"start":{"line":269,"column":6},"end":{"line":293,"column":7}},{"start":{"line":291,"column":13},"end":{"line":293,"column":7}}],"line":269},"28":{"loc":{"start":{"line":269,"column":10},"end":{"line":269,"column":146}},"type":"binary-expr","locations":[{"start":{"line":269,"column":10},"end":{"line":269,"column":31}},{"start":{"line":269,"column":36},"end":{"line":269,"column":67}},{"start":{"line":269,"column":71},"end":{"line":269,"column":106}},{"start":{"line":269,"column":110},"end":{"line":269,"column":145}}],"line":269},"29":{"loc":{"start":{"line":282,"column":8},"end":{"line":290,"column":9}},"type":"if","locations":[{"start":{"line":282,"column":8},"end":{"line":290,"column":9}},{"start":{"line":288,"column":15},"end":{"line":290,"column":9}}],"line":282},"30":{"loc":{"start":{"line":284,"column":12},"end":{"line":286,"column":13}},"type":"if","locations":[{"start":{"line":284,"column":12},"end":{"line":286,"column":13}},{"start":{},"end":{}}],"line":284},"31":{"loc":{"start":{"line":304,"column":0},"end":{"line":311,"column":1}},"type":"if","locations":[{"start":{"line":304,"column":0},"end":{"line":311,"column":1}},{"start":{},"end":{}}],"line":304}},"s":{"0":1,"1":1,"2":1,"3":1,"4":1,"5":1,"6":1,"7":14,"8":14,"9":14,"10":28,"11":28,"12":224,"13":224,"14":224,"15":224,"16":224,"17":224,"18":210,"19":210,"20":210,"21":210,"22":210,"23":14,"24":14,"25":14,"26":0,"27":0,"28":1,"29":19,"30":19,"31":19,"32":69,"33":19,"34":19,"35":44,"36":44,"37":44,"38":44,"39":44,"40":13,"41":13,"42":13,"43":13,"44":13,"45":6,"46":6,"47":6,"48":0,"49":0,"50":6,"51":1,"52":3,"53":3,"54":1,"55":2,"56":2,"57":2,"58":1,"59":1,"60":1,"61":1,"62":0,"63":0,"64":1,"65":1,"66":1,"67":1,"68":6,"69":6,"70":2,"71":4,"72":1,"73":0,"74":0,"75":1,"76":2,"77":2,"78":0,"79":2,"80":2,"81":2,"82":1,"83":1,"84":15,"85":15,"86":15,"87":48,"88":48,"89":48,"90":14,"91":34,"92":0,"93":1,"94":1,"95":0,"96":0,"97":1,"98":2,"99":2,"100":0,"101":1,"102":12,"103":3,"104":3,"105":3,"106":0,"107":9,"108":1,"109":9,"110":3,"111":6,"112":6,"113":0,"114":6,"115":6,"116":2,"117":4,"118":4,"119":3,"120":3,"121":3,"122":3,"123":3,"124":6,"125":3,"126":3,"127":3,"128":0,"129":0,"130":0,"131":1,"132":3,"133":1,"134":0,"135":0,"136":0,"137":0,"138":0,"139":1},"f":{"0":14,"1":28,"2":19,"3":69,"4":3,"5":2,"6":15,"7":2,"8":12,"9":3,"10":9,"11":4,"12":6,"13":3,"14":3,"15":0},"b":{"0":[1,1],"1":[1,1],"2":[14],"3":[224,0],"4":[196,28],"5":[13,0],"6":[6,0],"7":[6,6],"8":[1,2],"9":[2,0],"10":[1,1],"11":[0,1],"12":[2,4],"13":[0,2],"14":[2,0],"15":[1,1],"16":[1],"17":[14,34],"18":[2,0],"19":[3,9],"20":[12,9,9],"21":[0,3],"22":[3,6],"23":[6,0],"24":[6,6],"25":[2,4],"26":[3,1],"27":[3,0],"28":[3,3,2,1],"29":[3,0],"30":[0,3],"31":[0,1]},"_coverageSchema":"1a1c01bbd47fc00a2c39e90264f33305004495a9","hash":"0e04a389a488b0af5a27169096cd2144483315bb"}
}
