TN:
SF:server.js
FN:10,(anonymous_0)
FN:16,findSites
FN:60,(anonymous_2)
FN:66,(anonymous_3)
FN:103,(anonymous_4)
FN:165,(anonymous_5)
FN:182,walkDirectory
FN:219,(anonymous_7)
FN:230,(anonymous_8)
FN:233,(anonymous_9)
FN:244,(anonymous_10)
FN:265,(anonymous_11)
FN:280,(anonymous_12)
FN:283,(anonymous_13)
FN:299,(anonymous_14)
FN:305,(anonymous_15)
FNF:16
FNH:15
FNDA:14,(anonymous_0)
FNDA:28,findSites
FNDA:19,(anonymous_2)
FNDA:69,(anonymous_3)
FNDA:3,(anonymous_4)
FNDA:2,(anonymous_5)
FNDA:15,walkDirectory
FNDA:2,(anonymous_7)
FNDA:12,(anonymous_8)
FNDA:3,(anonymous_9)
FNDA:9,(anonymous_10)
FNDA:4,(anonymous_11)
FNDA:6,(anonymous_12)
FNDA:3,(anonymous_13)
FNDA:3,(anonymous_14)
FNDA:0,(anonymous_15)
DA:1,1
DA:2,1
DA:3,1
DA:5,1
DA:6,1
DA:7,1
DA:10,1
DA:11,14
DA:12,14
DA:13,14
DA:17,28
DA:19,28
DA:20,224
DA:21,224
DA:22,224
DA:23,224
DA:26,224
DA:27,224
DA:29,210
DA:30,210
DA:31,210
DA:32,210
DA:37,210
DA:45,14
DA:51,14
DA:52,14
DA:54,0
DA:55,0
DA:60,1
DA:61,19
DA:62,19
DA:66,69
DA:69,19
DA:70,44
DA:71,44
DA:72,44
DA:75,44
DA:76,44
DA:77,13
DA:78,13
DA:79,13
DA:80,13
DA:82,13
DA:91,6
DA:92,6
DA:93,6
DA:95,0
DA:96,0
DA:99,6
DA:103,1
DA:104,3
DA:106,3
DA:107,1
DA:110,2
DA:111,2
DA:114,2
DA:115,1
DA:119,1
DA:120,1
DA:121,1
DA:122,0
DA:125,0
DA:129,1
DA:131,1
DA:132,1
DA:134,1
DA:135,6
DA:137,6
DA:138,2
DA:144,4
DA:152,1
DA:159,0
DA:160,0
DA:165,1
DA:166,2
DA:168,2
DA:169,0
DA:172,2
DA:173,2
DA:176,2
DA:177,1
DA:180,1
DA:183,15
DA:184,15
DA:186,15
DA:187,48
DA:188,48
DA:190,48
DA:191,14
DA:193,34
DA:201,0
DA:205,1
DA:207,1
DA:213,0
DA:214,0
DA:219,1
DA:220,2
DA:222,2
DA:225,0
DA:230,1
DA:231,12
DA:232,3
DA:233,3
DA:234,3
DA:235,0
DA:239,9
DA:244,1
DA:245,9
DA:246,3
DA:251,6
DA:252,6
DA:254,0
DA:257,6
DA:260,6
DA:261,2
DA:265,4
DA:266,4
DA:269,3
DA:270,3
DA:273,3
DA:279,3
DA:280,6
DA:282,3
DA:283,3
DA:284,3
DA:285,0
DA:289,0
DA:292,0
DA:299,1
DA:300,3
DA:304,1
DA:305,0
DA:306,0
DA:307,0
DA:308,0
DA:309,0
DA:314,1
LF:137
LH:114
BRDA:6,0,0,1
BRDA:6,0,1,1
BRDA:7,1,0,1
BRDA:7,1,1,1
BRDA:16,2,0,14
BRDA:20,3,0,224
BRDA:20,3,1,0
BRDA:22,4,0,196
BRDA:22,4,1,28
BRDA:77,5,0,13
BRDA:77,5,1,0
BRDA:91,6,0,6
BRDA:91,6,1,0
BRDA:91,7,0,6
BRDA:91,7,1,6
BRDA:106,8,0,1
BRDA:106,8,1,2
BRDA:110,9,0,2
BRDA:110,9,1,0
BRDA:114,10,0,1
BRDA:114,10,1,1
BRDA:121,11,0,0
BRDA:121,11,1,1
BRDA:137,12,0,2
BRDA:137,12,1,4
BRDA:168,13,0,0
BRDA:168,13,1,2
BRDA:172,14,0,2
BRDA:172,14,1,0
BRDA:176,15,0,1
BRDA:176,15,1,1
BRDA:182,16,0,1
BRDA:190,17,0,14
BRDA:190,17,1,34
BRDA:220,18,0,2
BRDA:220,18,1,0
BRDA:231,19,0,3
BRDA:231,19,1,9
BRDA:231,20,0,12
BRDA:231,20,1,9
BRDA:231,20,2,9
BRDA:234,21,0,0
BRDA:234,21,1,3
BRDA:245,22,0,3
BRDA:245,22,1,6
BRDA:251,23,0,6
BRDA:251,23,1,0
BRDA:251,24,0,6
BRDA:251,24,1,6
BRDA:260,25,0,2
BRDA:260,25,1,4
BRDA:266,26,0,3
BRDA:266,26,1,1
BRDA:269,27,0,3
BRDA:269,27,1,0
BRDA:269,28,0,3
BRDA:269,28,1,3
BRDA:269,28,2,2
BRDA:269,28,3,1
BRDA:282,29,0,3
BRDA:282,29,1,0
BRDA:284,30,0,0
BRDA:284,30,1,3
BRDA:304,31,0,0
BRDA:304,31,1,1
BRF:65
BRH:51
end_of_record
