TN:
SF:server.js
FN:17,sendFileWithCache
FN:18,(anonymous_1)
FN:40,(anonymous_2)
FN:49,(anonymous_3)
FN:55,findSites
FN:99,(anonymous_5)
FN:105,(anonymous_6)
FN:142,(anonymous_7)
FN:204,(anonymous_8)
FN:221,walkDirectory
FN:258,(anonymous_10)
FN:269,(anonymous_11)
FN:272,(anonymous_12)
FN:281,(anonymous_13)
FN:302,(anonymous_14)
FN:316,(anonymous_15)
FN:330,(anonymous_16)
FN:353,(anonymous_17)
FN:366,(anonymous_18)
FNF:19
FNH:16
FNDA:23,sendFileWithCache
FNDA:23,(anonymous_1)
FNDA:19,(anonymous_2)
FNDA:17,(anonymous_3)
FNDA:34,findSites
FNDA:33,(anonymous_5)
FNDA:103,(anonymous_6)
FNDA:3,(anonymous_7)
FNDA:2,(anonymous_8)
FNDA:15,walkDirectory
FNDA:11,(anonymous_10)
FNDA:17,(anonymous_11)
FNDA:0,(anonymous_12)
FNDA:12,(anonymous_13)
FNDA:3,(anonymous_14)
FNDA:6,(anonymous_15)
FNDA:6,(anonymous_16)
FNDA:0,(anonymous_17)
FNDA:0,(anonymous_18)
DA:1,3
DA:2,3
DA:3,3
DA:4,3
DA:6,3
DA:7,3
DA:8,3
DA:9,3
DA:14,3
DA:18,23
DA:19,23
DA:20,3
DA:21,3
DA:25,20
DA:28,20
DA:29,20
DA:31,1
DA:32,1
DA:36,19
DA:37,19
DA:40,19
DA:41,19
DA:42,0
DA:49,3
DA:50,17
DA:51,17
DA:52,17
DA:56,34
DA:58,34
DA:59,272
DA:60,272
DA:61,272
DA:62,272
DA:65,272
DA:66,272
DA:68,255
DA:69,255
DA:70,255
DA:71,255
DA:76,255
DA:84,17
DA:90,17
DA:91,17
DA:93,0
DA:94,0
DA:99,3
DA:100,33
DA:101,33
DA:105,103
DA:108,33
DA:109,53
DA:110,53
DA:111,53
DA:114,53
DA:115,53
DA:116,15
DA:117,15
DA:118,15
DA:119,15
DA:121,15
DA:130,18
DA:131,18
DA:132,18
DA:134,0
DA:135,0
DA:138,18
DA:142,3
DA:143,3
DA:145,3
DA:146,1
DA:149,2
DA:150,2
DA:153,2
DA:154,1
DA:158,1
DA:159,1
DA:160,1
DA:161,0
DA:164,0
DA:168,1
DA:170,1
DA:171,1
DA:173,1
DA:174,6
DA:176,6
DA:177,2
DA:183,4
DA:191,1
DA:198,0
DA:199,0
DA:204,3
DA:205,2
DA:207,2
DA:208,0
DA:211,2
DA:212,2
DA:215,2
DA:216,1
DA:219,1
DA:222,15
DA:223,15
DA:225,15
DA:226,48
DA:227,48
DA:229,48
DA:230,14
DA:232,34
DA:240,0
DA:244,1
DA:246,1
DA:252,0
DA:253,0
DA:258,3
DA:259,11
DA:261,11
DA:264,0
DA:269,3
DA:270,17
DA:271,5
DA:272,5
DA:273,0
DA:276,12
DA:281,3
DA:282,12
DA:283,6
DA:288,6
DA:289,6
DA:291,0
DA:294,6
DA:297,6
DA:298,2
DA:302,4
DA:305,3
DA:306,3
DA:309,3
DA:315,3
DA:316,6
DA:318,3
DA:319,3
DA:321,0
DA:324,0
DA:330,3
DA:331,6
DA:335,3
DA:336,0
DA:338,0
DA:340,0
DA:341,0
DA:342,0
DA:343,0
DA:346,0
DA:355,0
DA:356,0
DA:357,0
DA:358,0
DA:359,0
DA:360,0
DA:361,0
DA:362,0
DA:366,0
DA:367,0
DA:368,0
DA:369,0
DA:370,0
DA:376,3
LF:165
LH:127
BRDA:7,0,0,3
BRDA:7,0,1,3
BRDA:9,1,0,3
BRDA:9,1,1,3
BRDA:14,2,0,0
BRDA:14,2,1,3
BRDA:14,3,0,3
BRDA:14,3,1,3
BRDA:19,4,0,3
BRDA:19,4,1,20
BRDA:20,5,0,3
BRDA:20,5,1,0
BRDA:29,6,0,1
BRDA:29,6,1,19
BRDA:41,7,0,0
BRDA:41,7,1,19
BRDA:41,8,0,19
BRDA:41,8,1,0
BRDA:55,9,0,17
BRDA:59,10,0,272
BRDA:59,10,1,0
BRDA:61,11,0,238
BRDA:61,11,1,34
BRDA:79,12,0,0
BRDA:79,12,1,255
BRDA:116,13,0,15
BRDA:116,13,1,0
BRDA:130,14,0,18
BRDA:130,14,1,0
BRDA:130,15,0,18
BRDA:130,15,1,18
BRDA:145,16,0,1
BRDA:145,16,1,2
BRDA:149,17,0,2
BRDA:149,17,1,0
BRDA:153,18,0,1
BRDA:153,18,1,1
BRDA:160,19,0,0
BRDA:160,19,1,1
BRDA:176,20,0,2
BRDA:176,20,1,4
BRDA:207,21,0,0
BRDA:207,21,1,2
BRDA:211,22,0,2
BRDA:211,22,1,0
BRDA:215,23,0,1
BRDA:215,23,1,1
BRDA:221,24,0,1
BRDA:229,25,0,14
BRDA:229,25,1,34
BRDA:259,26,0,11
BRDA:259,26,1,0
BRDA:270,27,0,5
BRDA:270,27,1,12
BRDA:270,28,0,17
BRDA:270,28,1,11
BRDA:270,28,2,11
BRDA:282,29,0,6
BRDA:282,29,1,6
BRDA:288,30,0,6
BRDA:288,30,1,0
BRDA:288,31,0,6
BRDA:288,31,1,6
BRDA:297,32,0,2
BRDA:297,32,1,4
BRDA:305,33,0,3
BRDA:305,33,1,0
BRDA:305,34,0,3
BRDA:305,34,1,2
BRDA:305,34,2,1
BRDA:318,35,0,3
BRDA:318,35,1,0
BRDA:335,36,0,0
BRDA:335,36,1,3
BRDA:336,37,0,0
BRDA:336,37,1,0
BRDA:340,38,0,0
BRDA:340,38,1,0
BRF:78
BRH:57
end_of_record
